2023-05-07 10:05:37,153:INFO:PyCaret Supervised Module
2023-05-07 10:05:37,153:INFO:ML Usecase: classification
2023-05-07 10:05:37,154:INFO:version 2.3.10
2023-05-07 10:05:37,154:INFO:Initializing setup()
2023-05-07 10:05:37,155:INFO:setup(target=target, ml_usecase=classification, available_plots={'parameter': 'Hyperparameters', 'auc': 'AUC', 'confusion_matrix': 'Confusion Matrix', 'threshold': 'Threshold', 'pr': 'Precision Recall', 'error': 'Prediction Error', 'class_report': 'Class Report', 'rfe': 'Feature Selection', 'learning': 'Learning Curve', 'manifold': 'Manifold Learning', 'calibration': 'Calibration Curve', 'vc': 'Validation Curve', 'dimension': 'Dimensions', 'feature': 'Feature Importance', 'feature_all': 'Feature Importance (All)', 'boundary': 'Decision Boundary', 'lift': 'Lift Chart', 'gain': 'Gain Chart', 'tree': 'Decision Tree', 'ks': 'KS Statistic Plot'}, train_size=0.7, test_data=None, preprocess=True, imputation_type=simple, iterative_imputation_iters=5, categorical_features=None, categorical_imputation=constant, categorical_iterative_imputer=lightgbm, ordinal_features=None, high_cardinality_features=None, high_cardinality_method=frequency, numeric_features=['Team_Goal', 'Opponent_Goal', 'home_clearances', 'home_corners', 'home_fouls_conceded', 'home_offsides', 'home_passes', 'home_possession', 'home_red_cards', 'home_shots', 'home_shots_on_target', 'home_tackles', 'home_touches', 'home_yellow_cards', 'away_clearances', 'away_corners', 'away_fouls_conceded', 'away_offsides', 'away_passes', 'away_possession', 'away_red_cards', 'away_shots', 'away_shots_on_target', 'away_tackles', 'away_touches', 'away_yellow_cards', 'Team_Goal_rolling', 'Opponent_Goal_rolling', 'home_clearances_rolling', 'home_corners_rolling', 'home_fouls_conceded_rolling', 'home_offsides_rolling', 'home_passes_rolling', 'home_possession_rolling', 'home_shots_rolling', 'home_shots_on_target_rolling', 'home_tackles_rolling', 'home_touches_rolling', 'away_clearances_rolling', 'away_corners_rolling', 'away_fouls_conceded_rolling', 'away_offsides_rolling', 'away_passes_rolling', 'away_possession_rolling', 'away_shots_rolling', 'away_shots_on_target_rolling', 'away_tackles_rolling', 'away_touches_rolling'], numeric_imputation=mean, numeric_iterative_imputer=lightgbm, date_features=None, ignore_features=None, normalize=False, normalize_method=zscore, transformation=False, transformation_method=yeo-johnson, handle_unknown_categorical=True, unknown_categorical_method=least_frequent, pca=False, pca_method=linear, pca_components=None, ignore_low_variance=False, combine_rare_levels=False, rare_level_threshold=0.1, bin_numeric_features=None, remove_outliers=False, outliers_threshold=0.05, remove_multicollinearity=False, multicollinearity_threshold=0.9, remove_perfect_collinearity=True, create_clusters=False, cluster_iter=20, polynomial_features=False, polynomial_degree=2, trigonometry_features=False, polynomial_threshold=0.1, group_features=None, group_names=None, feature_selection=False, feature_selection_threshold=0.8, feature_selection_method=classic, feature_interaction=False, feature_ratio=False, interaction_threshold=0.01, fix_imbalance=False, fix_imbalance_method=None, transform_target=False, transform_target_method=box-cox, data_split_shuffle=True, data_split_stratify=False, fold_strategy=stratifiedkfold, fold=10, fold_shuffle=False, fold_groups=None, n_jobs=-1, use_gpu=False, custom_pipeline=None, html=True, session_id=45, log_experiment=False, experiment_name=None, experiment_custom_tags=None, log_plots=False, log_profile=False, log_data=False, silent=False, verbose=True, profile=False, profile_kwargs=None, display=None)
2023-05-07 10:05:37,155:INFO:Checking environment
2023-05-07 10:05:37,156:INFO:python_version: 3.8.16
2023-05-07 10:05:37,156:INFO:python_build: ('default', 'Mar  2 2023 03:18:16')
2023-05-07 10:05:37,156:INFO:machine: AMD64
2023-05-07 10:05:37,167:INFO:platform: Windows-10-10.0.22621-SP0
2023-05-07 10:05:37,182:INFO:Memory: svmem(total=34282336256, available=22147551232, percent=35.4, used=12134785024, free=22147551232)
2023-05-07 10:05:37,183:INFO:Physical Core: 8
2023-05-07 10:05:37,183:INFO:Logical Core: 16
2023-05-07 10:05:37,184:INFO:Checking libraries
2023-05-07 10:05:37,184:INFO:pd==1.5.3
2023-05-07 10:05:37,184:INFO:numpy==1.20.3
2023-05-07 10:05:37,185:INFO:sklearn==0.23.2
2023-05-07 10:05:37,185:INFO:lightgbm==3.3.5
2023-05-07 10:05:37,186:WARNING:catboost not found
2023-05-07 10:05:37,187:WARNING:xgboost not found
2023-05-07 10:05:37,187:INFO:mlflow==2.2.2
2023-05-07 10:05:37,189:INFO:Checking Exceptions
2023-05-07 10:05:37,189:INFO:Declaring global variables
2023-05-07 10:05:37,190:INFO:USI: 5e27
2023-05-07 10:05:37,190:INFO:pycaret_globals: {'fix_imbalance_param', 'iterative_imputation_iters_param', 'gpu_param', '_ml_usecase', 'transform_target_method_param', 'logging_param', 'y_test', 'pycaret_globals', 'master_model_container', 'transform_target_param', 'fold_shuffle_param', 'y', 'html_param', 'X', 'seed', 'n_jobs_param', 'display_container', 'exp_name_log', '_gpu_n_jobs_param', 'prep_pipe', 'fix_imbalance_method_param', 'imputation_classifier', 'X_train', '_all_models_internal', 'log_plots_param', 'fold_groups_param_full', '_all_models', 'experiment__', 'create_model_container', 'imputation_regressor', 'data_before_preprocess', 'y_train', '_internal_pipeline', '_all_metrics', 'USI', '_available_plots', 'target_param', 'stratify_param', 'fold_generator', 'fold_param', 'dashboard_logger', 'fold_groups_param', 'X_test'}
2023-05-07 10:05:37,190:INFO:Preparing display monitor
2023-05-07 10:05:37,191:INFO:Preparing display monitor
2023-05-07 10:05:37,196:INFO:Importing libraries
2023-05-07 10:05:37,196:INFO:Copying data for preprocessing
2023-05-07 10:05:37,200:INFO:Declaring preprocessing parameters
2023-05-07 10:05:37,202:INFO:Creating preprocessing pipeline
2023-05-07 10:05:37,209:INFO:Preprocessing pipeline created successfully
2023-05-07 10:05:37,209:ERROR:(Process Exit): setup has been interupted with user command 'quit'. setup must rerun.
2023-05-07 10:05:37,210:INFO:Creating global containers
2023-05-07 10:05:37,211:INFO:Internal pipeline: Pipeline(memory=None, steps=[('empty_step', 'passthrough')], verbose=False)
2023-05-07 10:06:41,215:INFO:PyCaret Supervised Module
2023-05-07 10:06:41,215:INFO:ML Usecase: classification
2023-05-07 10:06:41,216:INFO:version 2.3.10
2023-05-07 10:06:41,216:INFO:Initializing setup()
2023-05-07 10:06:41,217:INFO:setup(target=target, ml_usecase=classification, available_plots={'parameter': 'Hyperparameters', 'auc': 'AUC', 'confusion_matrix': 'Confusion Matrix', 'threshold': 'Threshold', 'pr': 'Precision Recall', 'error': 'Prediction Error', 'class_report': 'Class Report', 'rfe': 'Feature Selection', 'learning': 'Learning Curve', 'manifold': 'Manifold Learning', 'calibration': 'Calibration Curve', 'vc': 'Validation Curve', 'dimension': 'Dimensions', 'feature': 'Feature Importance', 'feature_all': 'Feature Importance (All)', 'boundary': 'Decision Boundary', 'lift': 'Lift Chart', 'gain': 'Gain Chart', 'tree': 'Decision Tree', 'ks': 'KS Statistic Plot'}, train_size=0.7, test_data=None, preprocess=True, imputation_type=simple, iterative_imputation_iters=5, categorical_features=None, categorical_imputation=constant, categorical_iterative_imputer=lightgbm, ordinal_features=None, high_cardinality_features=None, high_cardinality_method=frequency, numeric_features=['Team_Goal', 'Opponent_Goal', 'home_clearances', 'home_corners', 'home_fouls_conceded', 'home_offsides', 'home_passes', 'home_possession', 'home_red_cards', 'home_shots', 'home_shots_on_target', 'home_tackles', 'home_touches', 'home_yellow_cards', 'away_clearances', 'away_corners', 'away_fouls_conceded', 'away_offsides', 'away_passes', 'away_possession', 'away_red_cards', 'away_shots', 'away_shots_on_target', 'away_tackles', 'away_touches', 'away_yellow_cards', 'Team_Goal_rolling', 'Opponent_Goal_rolling', 'home_clearances_rolling', 'home_corners_rolling', 'home_fouls_conceded_rolling', 'home_offsides_rolling', 'home_passes_rolling', 'home_possession_rolling', 'home_shots_rolling', 'home_shots_on_target_rolling', 'home_tackles_rolling', 'home_touches_rolling', 'away_clearances_rolling', 'away_corners_rolling', 'away_fouls_conceded_rolling', 'away_offsides_rolling', 'away_passes_rolling', 'away_possession_rolling', 'away_shots_rolling', 'away_shots_on_target_rolling', 'away_tackles_rolling', 'away_touches_rolling'], numeric_imputation=mean, numeric_iterative_imputer=lightgbm, date_features=None, ignore_features=None, normalize=False, normalize_method=zscore, transformation=False, transformation_method=yeo-johnson, handle_unknown_categorical=True, unknown_categorical_method=least_frequent, pca=False, pca_method=linear, pca_components=None, ignore_low_variance=False, combine_rare_levels=False, rare_level_threshold=0.1, bin_numeric_features=None, remove_outliers=False, outliers_threshold=0.05, remove_multicollinearity=False, multicollinearity_threshold=0.9, remove_perfect_collinearity=True, create_clusters=False, cluster_iter=20, polynomial_features=False, polynomial_degree=2, trigonometry_features=False, polynomial_threshold=0.1, group_features=None, group_names=None, feature_selection=False, feature_selection_threshold=0.8, feature_selection_method=classic, feature_interaction=False, feature_ratio=False, interaction_threshold=0.01, fix_imbalance=False, fix_imbalance_method=None, transform_target=False, transform_target_method=box-cox, data_split_shuffle=True, data_split_stratify=False, fold_strategy=stratifiedkfold, fold=10, fold_shuffle=False, fold_groups=None, n_jobs=-1, use_gpu=False, custom_pipeline=None, html=True, session_id=45, log_experiment=False, experiment_name=None, experiment_custom_tags=None, log_plots=False, log_profile=False, log_data=False, silent=False, verbose=True, profile=False, profile_kwargs=None, display=None)
2023-05-07 10:06:41,217:INFO:Checking environment
2023-05-07 10:06:41,218:INFO:python_version: 3.8.16
2023-05-07 10:06:41,218:INFO:python_build: ('default', 'Mar  2 2023 03:18:16')
2023-05-07 10:06:41,218:INFO:machine: AMD64
2023-05-07 10:06:41,219:INFO:platform: Windows-10-10.0.22621-SP0
2023-05-07 10:06:41,233:INFO:Memory: svmem(total=34282336256, available=21922172928, percent=36.1, used=12360163328, free=21922172928)
2023-05-07 10:06:41,234:INFO:Physical Core: 8
2023-05-07 10:06:41,234:INFO:Logical Core: 16
2023-05-07 10:06:41,234:INFO:Checking libraries
2023-05-07 10:06:41,235:INFO:pd==1.5.3
2023-05-07 10:06:41,235:INFO:numpy==1.20.3
2023-05-07 10:06:41,236:INFO:sklearn==0.23.2
2023-05-07 10:06:41,236:INFO:lightgbm==3.3.5
2023-05-07 10:06:41,237:WARNING:catboost not found
2023-05-07 10:06:41,238:WARNING:xgboost not found
2023-05-07 10:06:41,239:INFO:mlflow==2.2.2
2023-05-07 10:06:41,240:INFO:Checking Exceptions
2023-05-07 10:06:41,240:INFO:Declaring global variables
2023-05-07 10:06:41,240:INFO:USI: 4503
2023-05-07 10:06:41,241:INFO:pycaret_globals: {'fix_imbalance_param', 'iterative_imputation_iters_param', 'gpu_param', '_ml_usecase', 'transform_target_method_param', 'logging_param', 'y_test', 'pycaret_globals', 'master_model_container', 'transform_target_param', 'fold_shuffle_param', 'y', 'html_param', 'X', 'seed', 'n_jobs_param', 'display_container', 'exp_name_log', '_gpu_n_jobs_param', 'prep_pipe', 'fix_imbalance_method_param', 'imputation_classifier', 'X_train', '_all_models_internal', 'log_plots_param', 'fold_groups_param_full', '_all_models', 'experiment__', 'create_model_container', 'imputation_regressor', 'data_before_preprocess', 'y_train', '_internal_pipeline', '_all_metrics', 'USI', '_available_plots', 'target_param', 'stratify_param', 'fold_generator', 'fold_param', 'dashboard_logger', 'fold_groups_param', 'X_test'}
2023-05-07 10:06:41,241:INFO:Preparing display monitor
2023-05-07 10:06:41,241:INFO:Preparing display monitor
2023-05-07 10:06:41,245:INFO:Importing libraries
2023-05-07 10:06:41,246:INFO:Copying data for preprocessing
2023-05-07 10:06:41,249:INFO:Declaring preprocessing parameters
2023-05-07 10:06:41,252:INFO:Creating preprocessing pipeline
2023-05-07 10:06:41,259:INFO:Preprocessing pipeline created successfully
2023-05-07 10:06:41,259:ERROR:(Process Exit): setup has been interupted with user command 'quit'. setup must rerun.
2023-05-07 10:06:41,259:INFO:Creating global containers
2023-05-07 10:06:41,260:INFO:Internal pipeline: Pipeline(memory=None, steps=[('empty_step', 'passthrough')], verbose=False)
2023-05-07 10:09:32,818:INFO:PyCaret Supervised Module
2023-05-07 10:09:32,819:INFO:ML Usecase: classification
2023-05-07 10:09:32,820:INFO:version 2.3.10
2023-05-07 10:09:32,821:INFO:Initializing setup()
2023-05-07 10:09:32,821:INFO:setup(target=target, ml_usecase=classification, available_plots={'parameter': 'Hyperparameters', 'auc': 'AUC', 'confusion_matrix': 'Confusion Matrix', 'threshold': 'Threshold', 'pr': 'Precision Recall', 'error': 'Prediction Error', 'class_report': 'Class Report', 'rfe': 'Feature Selection', 'learning': 'Learning Curve', 'manifold': 'Manifold Learning', 'calibration': 'Calibration Curve', 'vc': 'Validation Curve', 'dimension': 'Dimensions', 'feature': 'Feature Importance', 'feature_all': 'Feature Importance (All)', 'boundary': 'Decision Boundary', 'lift': 'Lift Chart', 'gain': 'Gain Chart', 'tree': 'Decision Tree', 'ks': 'KS Statistic Plot'}, train_size=0.7, test_data=None, preprocess=True, imputation_type=simple, iterative_imputation_iters=5, categorical_features=None, categorical_imputation=constant, categorical_iterative_imputer=lightgbm, ordinal_features=None, high_cardinality_features=None, high_cardinality_method=frequency, numeric_features=['Team_Goal', 'Opponent_Goal', 'home_clearances', 'home_corners', 'home_fouls_conceded', 'home_offsides', 'home_passes', 'home_possession', 'home_red_cards', 'home_shots', 'home_shots_on_target', 'home_tackles', 'home_touches', 'home_yellow_cards', 'away_clearances', 'away_corners', 'away_fouls_conceded', 'away_offsides', 'away_passes', 'away_possession', 'away_red_cards', 'away_shots', 'away_shots_on_target', 'away_tackles', 'away_touches', 'away_yellow_cards', 'Team_Goal_rolling', 'Opponent_Goal_rolling', 'home_clearances_rolling', 'home_corners_rolling', 'home_fouls_conceded_rolling', 'home_offsides_rolling', 'home_passes_rolling', 'home_possession_rolling', 'home_shots_rolling', 'home_shots_on_target_rolling', 'home_tackles_rolling', 'home_touches_rolling', 'away_clearances_rolling', 'away_corners_rolling', 'away_fouls_conceded_rolling', 'away_offsides_rolling', 'away_passes_rolling', 'away_possession_rolling', 'away_shots_rolling', 'away_shots_on_target_rolling', 'away_tackles_rolling', 'away_touches_rolling'], numeric_imputation=mean, numeric_iterative_imputer=lightgbm, date_features=None, ignore_features=None, normalize=False, normalize_method=zscore, transformation=False, transformation_method=yeo-johnson, handle_unknown_categorical=True, unknown_categorical_method=least_frequent, pca=False, pca_method=linear, pca_components=None, ignore_low_variance=False, combine_rare_levels=False, rare_level_threshold=0.1, bin_numeric_features=None, remove_outliers=False, outliers_threshold=0.05, remove_multicollinearity=False, multicollinearity_threshold=0.9, remove_perfect_collinearity=True, create_clusters=False, cluster_iter=20, polynomial_features=False, polynomial_degree=2, trigonometry_features=False, polynomial_threshold=0.1, group_features=None, group_names=None, feature_selection=False, feature_selection_threshold=0.8, feature_selection_method=classic, feature_interaction=False, feature_ratio=False, interaction_threshold=0.01, fix_imbalance=False, fix_imbalance_method=None, transform_target=False, transform_target_method=box-cox, data_split_shuffle=True, data_split_stratify=False, fold_strategy=stratifiedkfold, fold=10, fold_shuffle=False, fold_groups=None, n_jobs=-1, use_gpu=False, custom_pipeline=None, html=True, session_id=45, log_experiment=False, experiment_name=None, experiment_custom_tags=None, log_plots=False, log_profile=False, log_data=False, silent=False, verbose=True, profile=False, profile_kwargs=None, display=None)
2023-05-07 10:09:32,822:INFO:Checking environment
2023-05-07 10:09:32,822:INFO:python_version: 3.8.16
2023-05-07 10:09:32,823:INFO:python_build: ('default', 'Mar  2 2023 03:18:16')
2023-05-07 10:09:32,823:INFO:machine: AMD64
2023-05-07 10:09:32,823:INFO:platform: Windows-10-10.0.22621-SP0
2023-05-07 10:09:32,841:INFO:Memory: svmem(total=34282336256, available=21463687168, percent=37.4, used=12818649088, free=21463687168)
2023-05-07 10:09:32,841:INFO:Physical Core: 8
2023-05-07 10:09:32,841:INFO:Logical Core: 16
2023-05-07 10:09:32,842:INFO:Checking libraries
2023-05-07 10:09:32,844:INFO:pd==1.5.3
2023-05-07 10:09:32,844:INFO:numpy==1.20.3
2023-05-07 10:09:32,845:INFO:sklearn==0.23.2
2023-05-07 10:09:32,845:INFO:lightgbm==3.3.5
2023-05-07 10:09:32,846:WARNING:catboost not found
2023-05-07 10:09:32,847:WARNING:xgboost not found
2023-05-07 10:09:32,847:INFO:mlflow==2.2.2
2023-05-07 10:09:32,847:INFO:Checking Exceptions
2023-05-07 10:09:32,848:INFO:Declaring global variables
2023-05-07 10:09:32,848:INFO:USI: 9474
2023-05-07 10:09:32,848:INFO:pycaret_globals: {'fix_imbalance_param', 'iterative_imputation_iters_param', 'gpu_param', '_ml_usecase', 'transform_target_method_param', 'logging_param', 'y_test', 'pycaret_globals', 'master_model_container', 'transform_target_param', 'fold_shuffle_param', 'y', 'html_param', 'X', 'seed', 'n_jobs_param', 'display_container', 'exp_name_log', '_gpu_n_jobs_param', 'prep_pipe', 'fix_imbalance_method_param', 'imputation_classifier', 'X_train', '_all_models_internal', 'log_plots_param', 'fold_groups_param_full', '_all_models', 'experiment__', 'create_model_container', 'imputation_regressor', 'data_before_preprocess', 'y_train', '_internal_pipeline', '_all_metrics', 'USI', '_available_plots', 'target_param', 'stratify_param', 'fold_generator', 'fold_param', 'dashboard_logger', 'fold_groups_param', 'X_test'}
2023-05-07 10:09:32,849:INFO:Preparing display monitor
2023-05-07 10:09:32,849:INFO:Preparing display monitor
2023-05-07 10:09:32,853:INFO:Importing libraries
2023-05-07 10:09:32,853:INFO:Copying data for preprocessing
2023-05-07 10:09:32,857:INFO:Declaring preprocessing parameters
2023-05-07 10:09:32,859:INFO:Creating preprocessing pipeline
2023-05-07 10:09:32,866:INFO:Preprocessing pipeline created successfully
2023-05-07 10:09:32,867:ERROR:(Process Exit): setup has been interupted with user command 'quit'. setup must rerun.
2023-05-07 10:09:32,867:INFO:Creating global containers
2023-05-07 10:09:32,868:INFO:Internal pipeline: Pipeline(memory=None, steps=[('empty_step', 'passthrough')], verbose=False)
2023-05-08 15:31:12,246:INFO:PyCaret Supervised Module
2023-05-08 15:31:12,247:INFO:ML Usecase: classification
2023-05-08 15:31:12,247:INFO:version 2.3.10
2023-05-08 15:31:12,247:INFO:Initializing setup()
2023-05-08 15:31:12,248:INFO:setup(target=target, ml_usecase=classification, available_plots={'parameter': 'Hyperparameters', 'auc': 'AUC', 'confusion_matrix': 'Confusion Matrix', 'threshold': 'Threshold', 'pr': 'Precision Recall', 'error': 'Prediction Error', 'class_report': 'Class Report', 'rfe': 'Feature Selection', 'learning': 'Learning Curve', 'manifold': 'Manifold Learning', 'calibration': 'Calibration Curve', 'vc': 'Validation Curve', 'dimension': 'Dimensions', 'feature': 'Feature Importance', 'feature_all': 'Feature Importance (All)', 'boundary': 'Decision Boundary', 'lift': 'Lift Chart', 'gain': 'Gain Chart', 'tree': 'Decision Tree', 'ks': 'KS Statistic Plot'}, train_size=0.7, test_data=None, preprocess=True, imputation_type=simple, iterative_imputation_iters=5, categorical_features=None, categorical_imputation=constant, categorical_iterative_imputer=lightgbm, ordinal_features=None, high_cardinality_features=None, high_cardinality_method=frequency, numeric_features=None, numeric_imputation=mean, numeric_iterative_imputer=lightgbm, date_features=None, ignore_features=None, normalize=False, normalize_method=zscore, transformation=False, transformation_method=yeo-johnson, handle_unknown_categorical=True, unknown_categorical_method=least_frequent, pca=False, pca_method=linear, pca_components=None, ignore_low_variance=False, combine_rare_levels=False, rare_level_threshold=0.1, bin_numeric_features=None, remove_outliers=False, outliers_threshold=0.05, remove_multicollinearity=False, multicollinearity_threshold=0.9, remove_perfect_collinearity=True, create_clusters=False, cluster_iter=20, polynomial_features=False, polynomial_degree=2, trigonometry_features=False, polynomial_threshold=0.1, group_features=None, group_names=None, feature_selection=False, feature_selection_threshold=0.8, feature_selection_method=classic, feature_interaction=False, feature_ratio=False, interaction_threshold=0.01, fix_imbalance=False, fix_imbalance_method=None, transform_target=False, transform_target_method=box-cox, data_split_shuffle=True, data_split_stratify=False, fold_strategy=stratifiedkfold, fold=10, fold_shuffle=False, fold_groups=None, n_jobs=-1, use_gpu=False, custom_pipeline=None, html=True, session_id=45, log_experiment=False, experiment_name=None, experiment_custom_tags=None, log_plots=False, log_profile=False, log_data=False, silent=False, verbose=True, profile=False, profile_kwargs=None, display=None)
2023-05-08 15:31:12,248:INFO:Checking environment
2023-05-08 15:31:12,248:INFO:python_version: 3.8.16
2023-05-08 15:31:12,249:INFO:python_build: ('default', 'Mar  2 2023 03:18:16')
2023-05-08 15:31:12,249:INFO:machine: AMD64
2023-05-08 15:31:12,259:INFO:platform: Windows-10-10.0.22621-SP0
2023-05-08 15:31:12,277:INFO:Memory: svmem(total=34282336256, available=19839602688, percent=42.1, used=14442733568, free=19839602688)
2023-05-08 15:31:12,277:INFO:Physical Core: 8
2023-05-08 15:31:12,277:INFO:Logical Core: 16
2023-05-08 15:31:12,277:INFO:Checking libraries
2023-05-08 15:31:12,277:INFO:pd==1.5.3
2023-05-08 15:31:12,278:INFO:numpy==1.20.3
2023-05-08 15:31:12,278:INFO:sklearn==0.23.2
2023-05-08 15:31:12,278:INFO:lightgbm==3.3.5
2023-05-08 15:31:12,279:WARNING:catboost not found
2023-05-08 15:31:12,280:WARNING:xgboost not found
2023-05-08 15:31:12,280:INFO:mlflow==2.2.2
2023-05-08 15:31:12,280:INFO:Checking Exceptions
2023-05-08 15:31:12,281:INFO:Declaring global variables
2023-05-08 15:31:12,281:INFO:USI: ef08
2023-05-08 15:31:12,281:INFO:pycaret_globals: {'_gpu_n_jobs_param', 'html_param', 'fold_shuffle_param', 'X', '_all_metrics', 'display_container', 'fix_imbalance_param', 'stratify_param', 'transform_target_param', '_available_plots', 'log_plots_param', '_ml_usecase', 'fold_param', 'fold_groups_param', 'n_jobs_param', 'iterative_imputation_iters_param', 'fold_groups_param_full', '_all_models', 'imputation_regressor', 'y', 'prep_pipe', 'seed', 'pycaret_globals', 'logging_param', 'fold_generator', 'y_test', 'dashboard_logger', 'target_param', 'X_train', 'transform_target_method_param', '_internal_pipeline', 'gpu_param', 'experiment__', '_all_models_internal', 'imputation_classifier', 'fix_imbalance_method_param', 'data_before_preprocess', 'create_model_container', 'USI', 'X_test', 'y_train', 'master_model_container', 'exp_name_log'}
2023-05-08 15:31:12,281:INFO:Preparing display monitor
2023-05-08 15:31:12,281:INFO:Preparing display monitor
2023-05-08 15:31:12,286:INFO:Importing libraries
2023-05-08 15:31:12,286:INFO:Copying data for preprocessing
2023-05-08 15:31:12,289:INFO:Declaring preprocessing parameters
2023-05-08 15:31:12,291:INFO:Creating preprocessing pipeline
2023-05-08 15:31:12,334:INFO:Preprocessing pipeline created successfully
2023-05-08 15:31:12,334:ERROR:(Process Exit): setup has been interupted with user command 'quit'. setup must rerun.
2023-05-08 15:31:12,334:INFO:Creating global containers
2023-05-08 15:31:12,336:INFO:Internal pipeline: Pipeline(memory=None, steps=[('empty_step', 'passthrough')], verbose=False)
2023-05-08 15:52:32,725:INFO:PyCaret Supervised Module
2023-05-08 15:52:32,725:INFO:ML Usecase: classification
2023-05-08 15:52:32,726:INFO:version 2.3.10
2023-05-08 15:52:32,726:INFO:Initializing setup()
2023-05-08 15:52:32,726:INFO:setup(target=target, ml_usecase=classification, available_plots={'parameter': 'Hyperparameters', 'auc': 'AUC', 'confusion_matrix': 'Confusion Matrix', 'threshold': 'Threshold', 'pr': 'Precision Recall', 'error': 'Prediction Error', 'class_report': 'Class Report', 'rfe': 'Feature Selection', 'learning': 'Learning Curve', 'manifold': 'Manifold Learning', 'calibration': 'Calibration Curve', 'vc': 'Validation Curve', 'dimension': 'Dimensions', 'feature': 'Feature Importance', 'feature_all': 'Feature Importance (All)', 'boundary': 'Decision Boundary', 'lift': 'Lift Chart', 'gain': 'Gain Chart', 'tree': 'Decision Tree', 'ks': 'KS Statistic Plot'}, train_size=0.7, test_data=None, preprocess=True, imputation_type=simple, iterative_imputation_iters=5, categorical_features=None, categorical_imputation=constant, categorical_iterative_imputer=lightgbm, ordinal_features=None, high_cardinality_features=None, high_cardinality_method=frequency, numeric_features=None, numeric_imputation=mean, numeric_iterative_imputer=lightgbm, date_features=None, ignore_features=None, normalize=False, normalize_method=zscore, transformation=False, transformation_method=yeo-johnson, handle_unknown_categorical=True, unknown_categorical_method=least_frequent, pca=False, pca_method=linear, pca_components=None, ignore_low_variance=False, combine_rare_levels=False, rare_level_threshold=0.1, bin_numeric_features=None, remove_outliers=False, outliers_threshold=0.05, remove_multicollinearity=False, multicollinearity_threshold=0.9, remove_perfect_collinearity=True, create_clusters=False, cluster_iter=20, polynomial_features=False, polynomial_degree=2, trigonometry_features=False, polynomial_threshold=0.1, group_features=None, group_names=None, feature_selection=False, feature_selection_threshold=0.8, feature_selection_method=classic, feature_interaction=False, feature_ratio=False, interaction_threshold=0.01, fix_imbalance=False, fix_imbalance_method=None, transform_target=False, transform_target_method=box-cox, data_split_shuffle=True, data_split_stratify=False, fold_strategy=stratifiedkfold, fold=10, fold_shuffle=False, fold_groups=None, n_jobs=-1, use_gpu=False, custom_pipeline=None, html=True, session_id=45, log_experiment=False, experiment_name=None, experiment_custom_tags=None, log_plots=False, log_profile=False, log_data=False, silent=False, verbose=True, profile=False, profile_kwargs=None, display=None)
2023-05-08 15:52:32,726:INFO:Checking environment
2023-05-08 15:52:32,727:INFO:python_version: 3.8.16
2023-05-08 15:52:32,727:INFO:python_build: ('default', 'Mar  2 2023 03:18:16')
2023-05-08 15:52:32,727:INFO:machine: AMD64
2023-05-08 15:52:32,727:INFO:platform: Windows-10-10.0.22621-SP0
2023-05-08 15:52:32,744:INFO:Memory: svmem(total=34282336256, available=20325117952, percent=40.7, used=13957218304, free=20325117952)
2023-05-08 15:52:32,746:INFO:Physical Core: 8
2023-05-08 15:52:32,746:INFO:Logical Core: 16
2023-05-08 15:52:32,746:INFO:Checking libraries
2023-05-08 15:52:32,746:INFO:pd==1.5.3
2023-05-08 15:52:32,747:INFO:numpy==1.20.3
2023-05-08 15:52:32,747:INFO:sklearn==0.23.2
2023-05-08 15:52:32,747:INFO:lightgbm==3.3.5
2023-05-08 15:52:32,748:WARNING:catboost not found
2023-05-08 15:52:32,749:WARNING:xgboost not found
2023-05-08 15:52:32,749:INFO:mlflow==2.2.2
2023-05-08 15:52:32,749:INFO:Checking Exceptions
2023-05-08 15:52:32,749:INFO:Declaring global variables
2023-05-08 15:52:32,749:INFO:USI: 96e1
2023-05-08 15:52:32,749:INFO:pycaret_globals: {'_gpu_n_jobs_param', 'html_param', 'fold_shuffle_param', 'X', '_all_metrics', 'display_container', 'fix_imbalance_param', 'stratify_param', 'transform_target_param', '_available_plots', 'log_plots_param', '_ml_usecase', 'fold_param', 'fold_groups_param', 'n_jobs_param', 'iterative_imputation_iters_param', 'fold_groups_param_full', '_all_models', 'imputation_regressor', 'y', 'prep_pipe', 'seed', 'pycaret_globals', 'logging_param', 'fold_generator', 'y_test', 'dashboard_logger', 'target_param', 'X_train', 'transform_target_method_param', '_internal_pipeline', 'gpu_param', 'experiment__', '_all_models_internal', 'imputation_classifier', 'fix_imbalance_method_param', 'data_before_preprocess', 'create_model_container', 'USI', 'X_test', 'y_train', 'master_model_container', 'exp_name_log'}
2023-05-08 15:52:32,750:INFO:Preparing display monitor
2023-05-08 15:52:32,750:INFO:Preparing display monitor
2023-05-08 15:52:32,753:INFO:Importing libraries
2023-05-08 15:52:32,753:INFO:Copying data for preprocessing
2023-05-08 15:52:32,757:INFO:Declaring preprocessing parameters
2023-05-08 15:52:32,759:INFO:Creating preprocessing pipeline
2023-05-08 15:52:32,805:INFO:Preprocessing pipeline created successfully
2023-05-08 15:52:32,805:ERROR:(Process Exit): setup has been interupted with user command 'quit'. setup must rerun.
2023-05-08 15:52:32,805:INFO:Creating global containers
2023-05-08 15:52:32,806:INFO:Internal pipeline: Pipeline(memory=None, steps=[('empty_step', 'passthrough')], verbose=False)
2023-05-09 13:36:15,780:WARNING:
'cuml' is a soft dependency and not included in the pycaret installation. Please run: `pip install cuml` to install.
2023-05-09 13:36:15,782:WARNING:
'cuml' is a soft dependency and not included in the pycaret installation. Please run: `pip install cuml` to install.
2023-05-09 13:36:15,782:WARNING:
'cuml' is a soft dependency and not included in the pycaret installation. Please run: `pip install cuml` to install.
2023-05-09 13:36:15,782:WARNING:
'cuml' is a soft dependency and not included in the pycaret installation. Please run: `pip install cuml` to install.
2023-05-09 13:36:17,334:WARNING:
'prophet' is a soft dependency and not included in the pycaret installation. Please run: `pip install prophet` to install.
2023-05-09 13:38:38,070:WARNING:
'cuml' is a soft dependency and not included in the pycaret installation. Please run: `pip install cuml` to install.
2023-05-09 13:38:38,070:WARNING:
'cuml' is a soft dependency and not included in the pycaret installation. Please run: `pip install cuml` to install.
2023-05-09 13:38:38,070:WARNING:
'cuml' is a soft dependency and not included in the pycaret installation. Please run: `pip install cuml` to install.
2023-05-09 13:38:38,071:WARNING:
'cuml' is a soft dependency and not included in the pycaret installation. Please run: `pip install cuml` to install.
2023-05-09 13:38:38,814:WARNING:
'prophet' is a soft dependency and not included in the pycaret installation. Please run: `pip install prophet` to install.
2023-05-09 13:52:17,848:WARNING:
'cuml' is a soft dependency and not included in the pycaret installation. Please run: `pip install cuml` to install.
2023-05-09 13:52:17,849:WARNING:
'cuml' is a soft dependency and not included in the pycaret installation. Please run: `pip install cuml` to install.
2023-05-09 13:52:17,849:WARNING:
'cuml' is a soft dependency and not included in the pycaret installation. Please run: `pip install cuml` to install.
2023-05-09 13:52:17,851:WARNING:
'cuml' is a soft dependency and not included in the pycaret installation. Please run: `pip install cuml` to install.
2023-05-09 13:52:18,703:WARNING:
'prophet' is a soft dependency and not included in the pycaret installation. Please run: `pip install prophet` to install.
2023-05-09 22:13:59,324:WARNING:
'cuml' is a soft dependency and not included in the pycaret installation. Please run: `pip install cuml` to install.
2023-05-09 22:13:59,328:WARNING:
'cuml' is a soft dependency and not included in the pycaret installation. Please run: `pip install cuml` to install.
2023-05-09 22:13:59,329:WARNING:
'cuml' is a soft dependency and not included in the pycaret installation. Please run: `pip install cuml` to install.
2023-05-09 22:13:59,330:WARNING:
'cuml' is a soft dependency and not included in the pycaret installation. Please run: `pip install cuml` to install.
2023-05-09 22:14:03,108:WARNING:
'prophet' is a soft dependency and not included in the pycaret installation. Please run: `pip install prophet` to install.
2023-05-16 16:41:35,099:WARNING:
'cuml' is a soft dependency and not included in the pycaret installation. Please run: `pip install cuml` to install.
2023-05-16 16:41:35,108:WARNING:
'cuml' is a soft dependency and not included in the pycaret installation. Please run: `pip install cuml` to install.
2023-05-16 16:41:35,109:WARNING:
'cuml' is a soft dependency and not included in the pycaret installation. Please run: `pip install cuml` to install.
2023-05-16 16:41:35,110:WARNING:
'cuml' is a soft dependency and not included in the pycaret installation. Please run: `pip install cuml` to install.
2023-05-16 16:41:37,867:WARNING:
'prophet' is a soft dependency and not included in the pycaret installation. Please run: `pip install prophet` to install.
2023-05-23 17:24:54,147:WARNING:
'cuml' is a soft dependency and not included in the pycaret installation. Please run: `pip install cuml` to install.
2023-05-23 17:24:54,153:WARNING:
'cuml' is a soft dependency and not included in the pycaret installation. Please run: `pip install cuml` to install.
2023-05-23 17:24:54,153:WARNING:
'cuml' is a soft dependency and not included in the pycaret installation. Please run: `pip install cuml` to install.
2023-05-23 17:24:54,154:WARNING:
'cuml' is a soft dependency and not included in the pycaret installation. Please run: `pip install cuml` to install.
2023-05-23 17:24:57,534:WARNING:
'prophet' is a soft dependency and not included in the pycaret installation. Please run: `pip install prophet` to install.
2023-07-05 11:06:51,511:WARNING:
'cuml' is a soft dependency and not included in the pycaret installation. Please run: `pip install cuml` to install.
2023-07-05 11:06:51,519:WARNING:
'cuml' is a soft dependency and not included in the pycaret installation. Please run: `pip install cuml` to install.
2023-07-05 11:06:51,519:WARNING:
'cuml' is a soft dependency and not included in the pycaret installation. Please run: `pip install cuml` to install.
2023-07-05 11:06:51,520:WARNING:
'cuml' is a soft dependency and not included in the pycaret installation. Please run: `pip install cuml` to install.
2023-07-05 11:06:53,306:WARNING:
'prophet' is a soft dependency and not included in the pycaret installation. Please run: `pip install prophet` to install.
2023-12-07 16:35:03,123:WARNING:
'cuml' is a soft dependency and not included in the pycaret installation. Please run: `pip install cuml` to install.
2023-12-07 16:35:03,129:WARNING:
'cuml' is a soft dependency and not included in the pycaret installation. Please run: `pip install cuml` to install.
2023-12-07 16:35:03,129:WARNING:
'cuml' is a soft dependency and not included in the pycaret installation. Please run: `pip install cuml` to install.
2023-12-07 16:35:03,131:WARNING:
'cuml' is a soft dependency and not included in the pycaret installation. Please run: `pip install cuml` to install.
2023-12-07 16:35:04,632:WARNING:
'prophet' is a soft dependency and not included in the pycaret installation. Please run: `pip install prophet` to install.
